info: Microsoft.AspNetCore.DataProtection.KeyManagement.XmlKeyManager[0]
      User profile not available. Using 'HKEY_LOCAL_MACHINE\SOFTWARE\Microsoft\ASP.NET\4.0.30319.0\AutoGenKeys\S-1-5-82-621211465-983036483-4025745150-931732376-428829439\DataProtection' as key repository and Windows DPAPI to encrypt keys at rest.
Hosting environment: Development
Content root path: C:\inetpub\API_Test2\WebApi\bin\Release\netcoreapp2.2\publish
Application started. Press Ctrl+C to shut down.
info: Microsoft.AspNetCore.Hosting.Internal.WebHost[1]
      Request starting HTTP/1.1 GET http://localhost:94/api/albums/GetAlbums/0f078d0e-6602-4375-a088-ab8d00facdd1  
info: Microsoft.AspNetCore.Hosting.Internal.WebHost[2]
      Request finished in 47.7673ms 404 
info: Microsoft.AspNetCore.Hosting.Internal.WebHost[1]
      Request starting HTTP/1.1 GET http://localhost:94/api/albums/0f078d0e-6602-4375-a088-ab8d00facdd1  
info: Microsoft.AspNetCore.Routing.EndpointMiddleware[0]
      Executing endpoint 'WebApi.Controllers.AlbumsController.GetAlbumByIdAsync (WebApi)'
info: Microsoft.AspNetCore.Mvc.Internal.ControllerActionInvoker[3]
      Route matched with {action = "GetAlbumByIdAsync", controller = "Albums"}. Executing controller action with signature System.Threading.Tasks.Task`1[Domain.Models.AlbumDto] GetAlbumByIdAsync(System.Guid) on controller WebApi.Controllers.AlbumsController (WebApi).
info: Microsoft.AspNetCore.Mvc.Internal.ControllerActionInvoker[1]
      Executing action method WebApi.Controllers.AlbumsController.GetAlbumByIdAsync (WebApi) - Validation state: Valid
dbug: WebApi.Controllers.AlbumsController[0]
      'WebApi.Controllers.AlbumsController+<GetAlbumByIdAsync>d__5' has been invoked
info: WebApi.Controllers.AlbumsController[0]
      The GetAlbumByIdAsync have been retrieved successfully.
info: Microsoft.EntityFrameworkCore.Infrastructure[10403]
      Entity Framework Core 2.2.6-servicing-10079 initialized 'WebApiDBContext' using provider 'Microsoft.EntityFrameworkCore.SqlServer' with options: None
info: Microsoft.EntityFrameworkCore.Database.Command[20101]
      Executed DbCommand (20ms) [Parameters=[@__albumId_0='?' (DbType = Guid)], CommandType='Text', CommandTimeout='30']
      SELECT TOP(2) [x].[UniqueID], [x].[ArtistID], [x].[CopyRightInfo], [x].[CoverPath], [x].[MusicTypeID], [x].[Name], [x].[Price], [x].[Released], [x].[Review]
      FROM [ALBUM] AS [x]
      WHERE [x].[UniqueID] = @__albumId_0
info: Microsoft.EntityFrameworkCore.Database.Command[20101]
      Executed DbCommand (4ms) [Parameters=[@__album_ArtistId_0='?' (DbType = Guid)], CommandType='Text', CommandTimeout='30']
      SELECT TOP(2) [x].[UniqueID], [x].[Name]
      FROM [ARTIST] AS [x]
      WHERE [x].[UniqueID] = @__album_ArtistId_0
info: Microsoft.EntityFrameworkCore.Database.Command[20101]
      Executed DbCommand (3ms) [Parameters=[@__album_MusicTypeId_0='?' (DbType = Guid)], CommandType='Text', CommandTimeout='30']
      SELECT TOP(2) [x].[UniqueID], [x].[Name]
      FROM [MUSIC_TYPE] AS [x]
      WHERE [x].[UniqueID] = @__album_MusicTypeId_0
info: Microsoft.EntityFrameworkCore.Database.Command[20101]
      Executed DbCommand (3ms) [Parameters=[@__album_UniqueId_0='?' (DbType = Guid)], CommandType='Text', CommandTimeout='30']
      SELECT [x].[UniqueID], [x].[AlbumID], [x].[Name], [x].[Number], [x].[Popularity], [x].[Price], [x].[Time]
      FROM [SONG] AS [x]
      WHERE [x].[AlbumID] = @__album_UniqueId_0
info: Microsoft.EntityFrameworkCore.Database.Command[20101]
      Executed DbCommand (2ms) [Parameters=[@__album_UniqueId_0='?' (DbType = Guid)], CommandType='Text', CommandTimeout='30']
      SELECT [x].[UniqueID], [x].[AlbumID], [x].[RatingTypeID]
      FROM [ALBUM_RATING] AS [x]
      WHERE [x].[AlbumID] = @__album_UniqueId_0
info: Microsoft.EntityFrameworkCore.Database.Command[20101]
      Executed DbCommand (2ms) [Parameters=[@__albumRating_RatingTypeId_0='?' (DbType = Guid)], CommandType='Text', CommandTimeout='30']
      SELECT TOP(2) [x].[UniqueID], [x].[Name], [x].[Value]
      FROM [RATING_TYPE] AS [x]
      WHERE [x].[UniqueID] = @__albumRating_RatingTypeId_0
info: Microsoft.EntityFrameworkCore.Database.Command[20101]
      Executed DbCommand (0ms) [Parameters=[@__albumRating_RatingTypeId_0='?' (DbType = Guid)], CommandType='Text', CommandTimeout='30']
      SELECT TOP(2) [x].[UniqueID], [x].[Name], [x].[Value]
      FROM [RATING_TYPE] AS [x]
      WHERE [x].[UniqueID] = @__albumRating_RatingTypeId_0
info: Microsoft.AspNetCore.Mvc.Internal.ControllerActionInvoker[2]
      Executed action method WebApi.Controllers.AlbumsController.GetAlbumByIdAsync (WebApi), returned result Microsoft.AspNetCore.Mvc.ObjectResult in 659.1839ms.
info: Microsoft.AspNetCore.Mvc.Infrastructure.ObjectResultExecutor[1]
      Executing ObjectResult, writing value of type 'Domain.Models.AlbumDto'.
info: Microsoft.AspNetCore.Mvc.Internal.ControllerActionInvoker[2]
      Executed action WebApi.Controllers.AlbumsController.GetAlbumByIdAsync (WebApi) in 1057.9583ms
info: Microsoft.AspNetCore.Routing.EndpointMiddleware[1]
      Executed endpoint 'WebApi.Controllers.AlbumsController.GetAlbumByIdAsync (WebApi)'
info: Microsoft.AspNetCore.Hosting.Internal.WebHost[2]
      Request finished in 1095.9169ms 200 application/json; charset=utf-8
info: Microsoft.AspNetCore.Hosting.Internal.WebHost[1]
      Request starting HTTP/1.1 GET http://localhost:94/api/albums  
info: Microsoft.AspNetCore.Hosting.Internal.WebHost[2]
      Request finished in 0.277ms 404 
info: Microsoft.AspNetCore.Hosting.Internal.WebHost[1]
      Request starting HTTP/1.1 GET http://localhost:94/api/albums/GetAlbums  
info: Microsoft.AspNetCore.Routing.EndpointMiddleware[0]
      Executing endpoint 'WebApi.Controllers.AlbumsController.GetAlbumsAsync (WebApi)'
info: Microsoft.AspNetCore.Mvc.Internal.ControllerActionInvoker[3]
      Route matched with {action = "GetAlbumsAsync", controller = "Albums"}. Executing controller action with signature System.Threading.Tasks.Task`1[System.Collections.Generic.List`1[Domain.Models.AlbumDto]] GetAlbumsAsync() on controller WebApi.Controllers.AlbumsController (WebApi).
info: Microsoft.AspNetCore.Mvc.Internal.ControllerActionInvoker[1]
      Executing action method WebApi.Controllers.AlbumsController.GetAlbumsAsync (WebApi) - Validation state: Valid
dbug: WebApi.Controllers.AlbumsController[0]
      'WebApi.Controllers.AlbumsController+<GetAlbumsAsync>d__4' has been invoked
info: WebApi.Controllers.AlbumsController[0]
      The GetAlbumsAsync have been retrieved successfully.
info: Microsoft.EntityFrameworkCore.Infrastructure[10403]
      Entity Framework Core 2.2.6-servicing-10079 initialized 'WebApiDBContext' using provider 'Microsoft.EntityFrameworkCore.SqlServer' with options: None
info: Microsoft.EntityFrameworkCore.Database.Command[20101]
      Executed DbCommand (1ms) [Parameters=[], CommandType='Text', CommandTimeout='30']
      SELECT [a].[UniqueID], [a].[ArtistID], [a].[CopyRightInfo], [a].[CoverPath], [a].[MusicTypeID], [a].[Name], [a].[Price], [a].[Released], [a].[Review]
      FROM [ALBUM] AS [a]
info: Microsoft.EntityFrameworkCore.Database.Command[20101]
      Executed DbCommand (0ms) [Parameters=[@__album_ArtistId_0='?' (DbType = Guid)], CommandType='Text', CommandTimeout='30']
      SELECT TOP(2) [x].[UniqueID], [x].[Name]
      FROM [ARTIST] AS [x]
      WHERE [x].[UniqueID] = @__album_ArtistId_0
info: Microsoft.EntityFrameworkCore.Database.Command[20101]
      Executed DbCommand (0ms) [Parameters=[@__album_MusicTypeId_0='?' (DbType = Guid)], CommandType='Text', CommandTimeout='30']
      SELECT TOP(2) [x].[UniqueID], [x].[Name]
      FROM [MUSIC_TYPE] AS [x]
      WHERE [x].[UniqueID] = @__album_MusicTypeId_0
info: Microsoft.EntityFrameworkCore.Database.Command[20101]
      Executed DbCommand (4ms) [Parameters=[@__album_UniqueId_0='?' (DbType = Guid)], CommandType='Text', CommandTimeout='30']
      SELECT [x].[UniqueID], [x].[AlbumID], [x].[Name], [x].[Number], [x].[Popularity], [x].[Price], [x].[Time]
      FROM [SONG] AS [x]
      WHERE [x].[AlbumID] = @__album_UniqueId_0
info: Microsoft.EntityFrameworkCore.Database.Command[20101]
      Executed DbCommand (0ms) [Parameters=[@__album_UniqueId_0='?' (DbType = Guid)], CommandType='Text', CommandTimeout='30']
      SELECT [x].[UniqueID], [x].[AlbumID], [x].[RatingTypeID]
      FROM [ALBUM_RATING] AS [x]
      WHERE [x].[AlbumID] = @__album_UniqueId_0
info: Microsoft.EntityFrameworkCore.Database.Command[20101]
      Executed DbCommand (0ms) [Parameters=[@__albumRating_RatingTypeId_0='?' (DbType = Guid)], CommandType='Text', CommandTimeout='30']
      SELECT TOP(2) [x].[UniqueID], [x].[Name], [x].[Value]
      FROM [RATING_TYPE] AS [x]
      WHERE [x].[UniqueID] = @__albumRating_RatingTypeId_0
info: Microsoft.EntityFrameworkCore.Database.Command[20101]
      Executed DbCommand (0ms) [Parameters=[@__albumRating_RatingTypeId_0='?' (DbType = Guid)], CommandType='Text', CommandTimeout='30']
      SELECT TOP(2) [x].[UniqueID], [x].[Name], [x].[Value]
      FROM [RATING_TYPE] AS [x]
      WHERE [x].[UniqueID] = @__albumRating_RatingTypeId_0
info: Microsoft.AspNetCore.Mvc.Internal.ControllerActionInvoker[2]
      Executed action method WebApi.Controllers.AlbumsController.GetAlbumsAsync (WebApi), returned result Microsoft.AspNetCore.Mvc.ObjectResult in 63.8157ms.
info: Microsoft.AspNetCore.Mvc.Infrastructure.ObjectResultExecutor[1]
      Executing ObjectResult, writing value of type 'System.Collections.Generic.List`1[[Domain.Models.AlbumDto, Domain, Version=1.0.0.0, Culture=neutral, PublicKeyToken=null]]'.
info: Microsoft.AspNetCore.Mvc.Internal.ControllerActionInvoker[2]
      Executed action WebApi.Controllers.AlbumsController.GetAlbumsAsync (WebApi) in 67.385ms
info: Microsoft.AspNetCore.Routing.EndpointMiddleware[1]
      Executed endpoint 'WebApi.Controllers.AlbumsController.GetAlbumsAsync (WebApi)'
info: Microsoft.AspNetCore.Hosting.Internal.WebHost[2]
      Request finished in 74.6377ms 200 application/json; charset=utf-8
info: Microsoft.AspNetCore.Hosting.Internal.WebHost[1]
      Request starting HTTP/1.1 GET http://localhost:94/api/albums/0f078d0e-6602-4375-a088-ab8d00facdd1  
info: Microsoft.AspNetCore.Routing.EndpointMiddleware[0]
      Executing endpoint 'WebApi.Controllers.AlbumsController.GetAlbumByIdAsync (WebApi)'
info: Microsoft.AspNetCore.Mvc.Internal.ControllerActionInvoker[3]
      Route matched with {action = "GetAlbumByIdAsync", controller = "Albums"}. Executing controller action with signature System.Threading.Tasks.Task`1[Domain.Models.AlbumDto] GetAlbumByIdAsync(System.Guid) on controller WebApi.Controllers.AlbumsController (WebApi).
info: Microsoft.AspNetCore.Mvc.Internal.ControllerActionInvoker[1]
      Executing action method WebApi.Controllers.AlbumsController.GetAlbumByIdAsync (WebApi) - Validation state: Valid
dbug: WebApi.Controllers.AlbumsController[0]
      'WebApi.Controllers.AlbumsController+<GetAlbumByIdAsync>d__5' has been invoked
info: WebApi.Controllers.AlbumsController[0]
      The GetAlbumByIdAsync have been retrieved successfully.
info: Microsoft.EntityFrameworkCore.Infrastructure[10403]
      Entity Framework Core 2.2.6-servicing-10079 initialized 'WebApiDBContext' using provider 'Microsoft.EntityFrameworkCore.SqlServer' with options: None
info: Microsoft.EntityFrameworkCore.Database.Command[20101]
      Executed DbCommand (0ms) [Parameters=[@__albumId_0='?' (DbType = Guid)], CommandType='Text', CommandTimeout='30']
      SELECT TOP(2) [x].[UniqueID], [x].[ArtistID], [x].[CopyRightInfo], [x].[CoverPath], [x].[MusicTypeID], [x].[Name], [x].[Price], [x].[Released], [x].[Review]
      FROM [ALBUM] AS [x]
      WHERE [x].[UniqueID] = @__albumId_0
info: Microsoft.EntityFrameworkCore.Database.Command[20101]
      Executed DbCommand (1ms) [Parameters=[@__album_ArtistId_0='?' (DbType = Guid)], CommandType='Text', CommandTimeout='30']
      SELECT TOP(2) [x].[UniqueID], [x].[Name]
      FROM [ARTIST] AS [x]
      WHERE [x].[UniqueID] = @__album_ArtistId_0
info: Microsoft.EntityFrameworkCore.Database.Command[20101]
      Executed DbCommand (0ms) [Parameters=[@__album_MusicTypeId_0='?' (DbType = Guid)], CommandType='Text', CommandTimeout='30']
      SELECT TOP(2) [x].[UniqueID], [x].[Name]
      FROM [MUSIC_TYPE] AS [x]
      WHERE [x].[UniqueID] = @__album_MusicTypeId_0
info: Microsoft.EntityFrameworkCore.Database.Command[20101]
      Executed DbCommand (1ms) [Parameters=[@__album_UniqueId_0='?' (DbType = Guid)], CommandType='Text', CommandTimeout='30']
      SELECT [x].[UniqueID], [x].[AlbumID], [x].[Name], [x].[Number], [x].[Popularity], [x].[Price], [x].[Time]
      FROM [SONG] AS [x]
      WHERE [x].[AlbumID] = @__album_UniqueId_0
info: Microsoft.EntityFrameworkCore.Database.Command[20101]
      Executed DbCommand (1ms) [Parameters=[@__album_UniqueId_0='?' (DbType = Guid)], CommandType='Text', CommandTimeout='30']
      SELECT [x].[UniqueID], [x].[AlbumID], [x].[RatingTypeID]
      FROM [ALBUM_RATING] AS [x]
      WHERE [x].[AlbumID] = @__album_UniqueId_0
info: Microsoft.EntityFrameworkCore.Database.Command[20101]
      Executed DbCommand (0ms) [Parameters=[@__albumRating_RatingTypeId_0='?' (DbType = Guid)], CommandType='Text', CommandTimeout='30']
      SELECT TOP(2) [x].[UniqueID], [x].[Name], [x].[Value]
      FROM [RATING_TYPE] AS [x]
      WHERE [x].[UniqueID] = @__albumRating_RatingTypeId_0
info: Microsoft.EntityFrameworkCore.Database.Command[20101]
      Executed DbCommand (1ms) [Parameters=[@__albumRating_RatingTypeId_0='?' (DbType = Guid)], CommandType='Text', CommandTimeout='30']
      SELECT TOP(2) [x].[UniqueID], [x].[Name], [x].[Value]
      FROM [RATING_TYPE] AS [x]
      WHERE [x].[UniqueID] = @__albumRating_RatingTypeId_0
info: Microsoft.AspNetCore.Mvc.Internal.ControllerActionInvoker[2]
      Executed action method WebApi.Controllers.AlbumsController.GetAlbumByIdAsync (WebApi), returned result Microsoft.AspNetCore.Mvc.ObjectResult in 12.0024ms.
info: Microsoft.AspNetCore.Mvc.Infrastructure.ObjectResultExecutor[1]
      Executing ObjectResult, writing value of type 'Domain.Models.AlbumDto'.
info: Microsoft.AspNetCore.Mvc.Internal.ControllerActionInvoker[2]
      Executed action WebApi.Controllers.AlbumsController.GetAlbumByIdAsync (WebApi) in 13.006ms
info: Microsoft.AspNetCore.Routing.EndpointMiddleware[1]
      Executed endpoint 'WebApi.Controllers.AlbumsController.GetAlbumByIdAsync (WebApi)'
info: Microsoft.AspNetCore.Hosting.Internal.WebHost[2]
      Request finished in 13.6672ms 200 application/json; charset=utf-8
info: Microsoft.AspNetCore.Hosting.Internal.WebHost[1]
      Request starting HTTP/1.1 GET http://localhost:94/api/albums/0f078d0e-6602-4375-a088-ab8d00facdd1  
info: Microsoft.AspNetCore.Routing.EndpointMiddleware[0]
      Executing endpoint 'WebApi.Controllers.AlbumsController.GetAlbumByIdAsync (WebApi)'
info: Microsoft.AspNetCore.Mvc.Internal.ControllerActionInvoker[3]
      Route matched with {action = "GetAlbumByIdAsync", controller = "Albums"}. Executing controller action with signature System.Threading.Tasks.Task`1[Domain.Models.AlbumDto] GetAlbumByIdAsync(System.Guid) on controller WebApi.Controllers.AlbumsController (WebApi).
info: Microsoft.AspNetCore.Mvc.Internal.ControllerActionInvoker[1]
      Executing action method WebApi.Controllers.AlbumsController.GetAlbumByIdAsync (WebApi) - Validation state: Valid
dbug: WebApi.Controllers.AlbumsController[0]
      'WebApi.Controllers.AlbumsController+<GetAlbumByIdAsync>d__5' has been invoked
info: WebApi.Controllers.AlbumsController[0]
      The GetAlbumByIdAsync have been retrieved successfully.
info: Microsoft.EntityFrameworkCore.Infrastructure[10403]
      Entity Framework Core 2.2.6-servicing-10079 initialized 'WebApiDBContext' using provider 'Microsoft.EntityFrameworkCore.SqlServer' with options: None
info: Microsoft.EntityFrameworkCore.Database.Command[20101]
      Executed DbCommand (4ms) [Parameters=[@__albumId_0='?' (DbType = Guid)], CommandType='Text', CommandTimeout='30']
      SELECT TOP(2) [x].[UniqueID], [x].[ArtistID], [x].[CopyRightInfo], [x].[CoverPath], [x].[MusicTypeID], [x].[Name], [x].[Price], [x].[Released], [x].[Review]
      FROM [ALBUM] AS [x]
      WHERE [x].[UniqueID] = @__albumId_0
info: Microsoft.EntityFrameworkCore.Database.Command[20101]
      Executed DbCommand (1ms) [Parameters=[@__album_ArtistId_0='?' (DbType = Guid)], CommandType='Text', CommandTimeout='30']
      SELECT TOP(2) [x].[UniqueID], [x].[Name]
      FROM [ARTIST] AS [x]
      WHERE [x].[UniqueID] = @__album_ArtistId_0
info: Microsoft.EntityFrameworkCore.Database.Command[20101]
      Executed DbCommand (0ms) [Parameters=[@__album_MusicTypeId_0='?' (DbType = Guid)], CommandType='Text', CommandTimeout='30']
      SELECT TOP(2) [x].[UniqueID], [x].[Name]
      FROM [MUSIC_TYPE] AS [x]
      WHERE [x].[UniqueID] = @__album_MusicTypeId_0
info: Microsoft.EntityFrameworkCore.Database.Command[20101]
      Executed DbCommand (0ms) [Parameters=[@__album_UniqueId_0='?' (DbType = Guid)], CommandType='Text', CommandTimeout='30']
      SELECT [x].[UniqueID], [x].[AlbumID], [x].[Name], [x].[Number], [x].[Popularity], [x].[Price], [x].[Time]
      FROM [SONG] AS [x]
      WHERE [x].[AlbumID] = @__album_UniqueId_0
info: Microsoft.EntityFrameworkCore.Database.Command[20101]
      Executed DbCommand (0ms) [Parameters=[@__album_UniqueId_0='?' (DbType = Guid)], CommandType='Text', CommandTimeout='30']
      SELECT [x].[UniqueID], [x].[AlbumID], [x].[RatingTypeID]
      FROM [ALBUM_RATING] AS [x]
      WHERE [x].[AlbumID] = @__album_UniqueId_0
info: Microsoft.EntityFrameworkCore.Database.Command[20101]
      Executed DbCommand (0ms) [Parameters=[@__albumRating_RatingTypeId_0='?' (DbType = Guid)], CommandType='Text', CommandTimeout='30']
      SELECT TOP(2) [x].[UniqueID], [x].[Name], [x].[Value]
      FROM [RATING_TYPE] AS [x]
      WHERE [x].[UniqueID] = @__albumRating_RatingTypeId_0
info: Microsoft.EntityFrameworkCore.Database.Command[20101]
      Executed DbCommand (0ms) [Parameters=[@__albumRating_RatingTypeId_0='?' (DbType = Guid)], CommandType='Text', CommandTimeout='30']
      SELECT TOP(2) [x].[UniqueID], [x].[Name], [x].[Value]
      FROM [RATING_TYPE] AS [x]
      WHERE [x].[UniqueID] = @__albumRating_RatingTypeId_0
info: Microsoft.AspNetCore.Mvc.Internal.ControllerActionInvoker[2]
      Executed action method WebApi.Controllers.AlbumsController.GetAlbumByIdAsync (WebApi), returned result Microsoft.AspNetCore.Mvc.ObjectResult in 10.4576ms.
info: Microsoft.AspNetCore.Mvc.Infrastructure.ObjectResultExecutor[1]
      Executing ObjectResult, writing value of type 'Domain.Models.AlbumDto'.
info: Microsoft.AspNetCore.Mvc.Internal.ControllerActionInvoker[2]
      Executed action WebApi.Controllers.AlbumsController.GetAlbumByIdAsync (WebApi) in 10.9482ms
info: Microsoft.AspNetCore.Routing.EndpointMiddleware[1]
      Executed endpoint 'WebApi.Controllers.AlbumsController.GetAlbumByIdAsync (WebApi)'
info: Microsoft.AspNetCore.Hosting.Internal.WebHost[2]
      Request finished in 11.3874ms 200 application/json; charset=utf-8
Application is shutting down...
