info: Microsoft.AspNetCore.DataProtection.KeyManagement.XmlKeyManager[0]
      User profile is available. Using 'C:\Users\Kelvin Guzmán\AppData\Local\ASP.NET\DataProtection-Keys' as key repository and Windows DPAPI to encrypt keys at rest.
Hosting environment: Development
Content root path: C:\inetpub\API_Test2\WebApi
Application started. Press Ctrl+C to shut down.
info: Microsoft.AspNetCore.Hosting.Internal.WebHost[1]
      Request starting HTTP/2.0 GET https://localhost:44350/api/albums/GetAlbums  
info: Microsoft.AspNetCore.Routing.EndpointMiddleware[0]
      Executing endpoint 'WebApi.Controllers.AlbumsController.GetAlbumsAsync (WebApi)'
info: Microsoft.AspNetCore.Mvc.Internal.ControllerActionInvoker[3]
      Route matched with {action = "GetAlbumsAsync", controller = "Albums"}. Executing controller action with signature System.Threading.Tasks.Task`1[System.Collections.Generic.List`1[Domain.Models.AlbumDto]] GetAlbumsAsync() on controller WebApi.Controllers.AlbumsController (WebApi).
info: Microsoft.AspNetCore.Mvc.Internal.ControllerActionInvoker[1]
      Executing action method WebApi.Controllers.AlbumsController.GetAlbumsAsync (WebApi) - Validation state: Valid
dbug: WebApi.Controllers.AlbumsController[0]
      'WebApi.Controllers.AlbumsController+<GetAlbumsAsync>d__4' has been invoked
info: WebApi.Controllers.AlbumsController[0]
      The GetAlbumsAsync have been retrieved successfully.
info: Microsoft.EntityFrameworkCore.Infrastructure[10403]
      Entity Framework Core 2.2.6-servicing-10079 initialized 'WebApiDBContext' using provider 'Microsoft.EntityFrameworkCore.SqlServer' with options: None
info: Microsoft.EntityFrameworkCore.Database.Command[20101]
      Executed DbCommand (54ms) [Parameters=[], CommandType='Text', CommandTimeout='30']
      SELECT [a].[UniqueID], [a].[ArtistID], [a].[CopyRightInfo], [a].[CoverPath], [a].[MusicTypeID], [a].[Name], [a].[Price], [a].[Released], [a].[Review]
      FROM [ALBUM] AS [a]
info: Microsoft.EntityFrameworkCore.Database.Command[20101]
      Executed DbCommand (69ms) [Parameters=[@__album_ArtistId_0='?' (DbType = Guid)], CommandType='Text', CommandTimeout='30']
      SELECT TOP(2) [x].[UniqueID], [x].[Name]
      FROM [ARTIST] AS [x]
      WHERE [x].[UniqueID] = @__album_ArtistId_0
info: Microsoft.EntityFrameworkCore.Database.Command[20101]
      Executed DbCommand (43ms) [Parameters=[@__album_MusicTypeId_0='?' (DbType = Guid)], CommandType='Text', CommandTimeout='30']
      SELECT TOP(2) [x].[UniqueID], [x].[Name]
      FROM [MUSIC_TYPE] AS [x]
      WHERE [x].[UniqueID] = @__album_MusicTypeId_0
info: Microsoft.EntityFrameworkCore.Database.Command[20101]
      Executed DbCommand (49ms) [Parameters=[@__album_UniqueId_0='?' (DbType = Guid)], CommandType='Text', CommandTimeout='30']
      SELECT [x].[UniqueID], [x].[AlbumID], [x].[Name], [x].[Number], [x].[Popularity], [x].[Price], [x].[Time]
      FROM [SONG] AS [x]
      WHERE [x].[AlbumID] = @__album_UniqueId_0
info: Microsoft.EntityFrameworkCore.Database.Command[20101]
      Executed DbCommand (31ms) [Parameters=[@__album_UniqueId_0='?' (DbType = Guid)], CommandType='Text', CommandTimeout='30']
      SELECT [x].[UniqueID], [x].[AlbumID], [x].[RatingTypeID]
      FROM [ALBUM_RATING] AS [x]
      WHERE [x].[AlbumID] = @__album_UniqueId_0
info: Microsoft.EntityFrameworkCore.Database.Command[20101]
      Executed DbCommand (32ms) [Parameters=[@__albumRating_RatingTypeId_0='?' (DbType = Guid)], CommandType='Text', CommandTimeout='30']
      SELECT TOP(2) [x].[UniqueID], [x].[Name], [x].[Value]
      FROM [RATING_TYPE] AS [x]
      WHERE [x].[UniqueID] = @__albumRating_RatingTypeId_0
info: Microsoft.EntityFrameworkCore.Database.Command[20101]
      Executed DbCommand (38ms) [Parameters=[@__albumRating_RatingTypeId_0='?' (DbType = Guid)], CommandType='Text', CommandTimeout='30']
      SELECT TOP(2) [x].[UniqueID], [x].[Name], [x].[Value]
      FROM [RATING_TYPE] AS [x]
      WHERE [x].[UniqueID] = @__albumRating_RatingTypeId_0
info: Microsoft.AspNetCore.Mvc.Internal.ControllerActionInvoker[2]
      Executed action method WebApi.Controllers.AlbumsController.GetAlbumsAsync (WebApi), returned result Microsoft.AspNetCore.Mvc.ObjectResult in 1128.6539ms.
info: Microsoft.AspNetCore.Mvc.Infrastructure.ObjectResultExecutor[1]
      Executing ObjectResult, writing value of type 'System.Collections.Generic.List`1[[Domain.Models.AlbumDto, Domain, Version=1.0.0.0, Culture=neutral, PublicKeyToken=null]]'.
info: Microsoft.AspNetCore.Mvc.Internal.ControllerActionInvoker[2]
      Executed action WebApi.Controllers.AlbumsController.GetAlbumsAsync (WebApi) in 1972.9064ms
info: Microsoft.AspNetCore.Routing.EndpointMiddleware[1]
      Executed endpoint 'WebApi.Controllers.AlbumsController.GetAlbumsAsync (WebApi)'
info: Microsoft.AspNetCore.Hosting.Internal.WebHost[2]
      Request finished in 2064.9561ms 200 application/json; charset=utf-8
info: Microsoft.AspNetCore.Hosting.Internal.WebHost[1]
      Request starting HTTP/2.0 GET https://localhost:44350/favicon.ico  
info: Microsoft.AspNetCore.Hosting.Internal.WebHost[2]
      Request finished in 5.4223ms 404 
